------------------------------|-----------|-----------|-----------|-----------|
File                          |   % Stmts |% Branches |   % Funcs |   % Lines |
------------------------------|-----------|-----------|-----------|-----------|
   [93m./src/javascript/services\[0m |[93m        75[0m |[93m     66.67[0m |[93m     66.67[0m |[93m        75[0m |
      [93mdemo-service.js        [0m |[93m        75[0m |[93m     66.67[0m |[93m     66.67[0m |[93m        75[0m |
------------------------------|-----------|-----------|-----------|-----------|
[93mAll files                    [0m |[93m        75[0m |[93m     66.67[0m |[93m     66.67[0m |[93m        75[0m |
------------------------------|-----------|-----------|-----------|-----------|
